SNP_ID	BETA	BETA_SD	F_STAT	P_VALUE
cnv3p502	0.00549908825954	0.00493258176461	1.11484989443	0.264967604208
cnv3p583	-0.00794669998236	0.00527771367084	-1.50570881218	0.132204248962
rs6650104	-0.00476063808777	0.00495006823339	-0.961731811221	0.336230211801
rs3115860	-0.00250644832827	0.00495972677641	-0.505360162216	0.61332786596
rs3131967	-0.00283572928495	0.00494869808812	-0.573025315841	0.566652970443
rs3115850	-0.0029861916304	0.0049674610203	-0.601150490804	0.547766636812
rs12124819	0.000363514064961	0.00490614888158	0.0740935657957	0.940938858509
rs17160939	-0.00683339527356	0.00491446312118	-1.39046628392	0.164448373793
rs2519031	-0.0051472751299	0.00499097279648	-1.03131700768	0.302441388701
rs4475691	-0.00473144049139	0.00491678661085	-0.962303403803	0.335943121209
rs3748597	-0.00200885433005	0.00493112335967	-0.4073826963	0.683744136472
rs28705211	-0.00352518876433	0.00490563483962	-0.718599912057	0.472420588814
rs13303118	-0.0101454111238	0.00490068584778	-2.07020230207	0.0384839276112
rs9777703	3.94112452539e-05	0.00490420039498	0.00803622243787	0.993588407441
rs3121567	0.000589980031437	0.00492169375799	0.119873372958	0.90458820822
rs3934834	0.00187970339862	0.00492255435823	0.381855285249	0.702584715125
rs3737728	-0.00962984951474	0.00491519274712	-1.95920079032	0.0501440115569
rs6687776	-0.00498105966604	0.00493432417085	-1.00947150888	0.31279674184
rs9651273	-0.00636434641855	0.00491011358546	-1.29617091495	0.194975617037
rs4970405	-0.00688501687573	0.00491664667317	-1.40034810988	0.161470305746
rs12726255	-0.00239807694394	0.00489250723411	-0.490152968446	0.624046872309
rs2298217	-0.00468284664119	0.00493300187699	-0.949289450513	0.342518672885
rs4970357	0.000133666343095	0.00492789351809	0.0271244381812	0.978361550824
rs4970362	-0.00491481253554	0.0049386722414	-0.995168801513	0.319701674638
rs9660710	0.00186229143116	0.00492158236781	0.378392820029	0.705154646912
rs4970420	-0.00233015180039	0.00490317994519	-0.475232772698	0.63464154629
rs1320565	0.00596690863987	0.00491006044698	1.2152413813	0.224330640271
rs11260549	0.0034465223337	0.00491031780738	0.701893944323	0.482777530784
rs9729550	0.00445076397683	0.00493348990687	0.902153254763	0.367018326761
rs11721	0.00509564135847	0.00492078207613	1.03553485597	0.300468594675
rs2887286	-0.00511429836668	0.00490206191903	-1.04329534207	0.296861280016
rs3813199	0.00536921019103	0.00491589019631	1.09221524009	0.274790412459
rs3766186	0.00614120745472	0.00491473157496	1.24955093906	0.21152132625
rs7515488	0.00517739453624	0.00492988226835	1.05020652714	0.293673234565
rs715643	-0.000669205516286	0.00493259270625	-0.13567013458	0.892087445637
rs7524470	0.00347310418408	0.00490328404522	0.708322045399	0.478777859638
rs11804831	0.00661746874665	0.00495347810404	1.33592368991	0.181634189596
rs6689813	-0.000271429679686	0.00491774416983	-0.0551939406185	0.955986131459
rs6685064	0.00049325767909	0.00492261023273	0.100202464906	0.920187551788
rs10907179	0.00420264279687	0.0049613115555	0.847083024289	0.396988837248
rs307354	0.00164631018147	0.00495153106808	0.332485075592	0.739536755633
rs3845295	0.00543741842039	0.00496410642907	1.09534686616	0.273416742613
rs17160669	0.00145405073675	0.00488874010333	0.297428520646	0.766151560042
rs2649588	0.00366625267017	0.00494917812777	0.740780100356	0.45886109529
rs12089560	0.00332985371413	0.00495421678686	0.67212515265	0.501534657956
rs819980	0.00179510085433	0.00492536701547	0.364460323199	0.71552949942
rs6690515	-0.000682632296031	0.00493170203208	-0.138417181653	0.889916216901
rs9439457	0.00101581421615	0.00495273133105	0.205101821247	0.837500808789
rs3766178	0.00499710141061	0.00495882690827	1.00771845903	0.313637740802
rs3128342	0.00327364686233	0.00493726211765	0.663049030883	0.507329301613
rs2296716	0.00368330116739	0.00491467956068	0.749448895276	0.453621468063
rs6603793	0.00439064224373	0.00494599701442	0.887716315018	0.374735485735
rs3737622	0.00620600252545	0.00496327165688	1.25038542205	0.211216504323
rs601141	0.00431392148896	0.00496673234471	0.868563310755	0.38512714946
rs1555066	-0.00264397078395	0.00496764676209	-0.532238081847	0.594584437513
rs28370510	0.000784022234624	0.00500327861695	0.156701693959	0.875486192554
rs4648764	-0.00053379680745	0.00495796606431	-0.107664473803	0.914266112413
rs35672141	0.000286342930398	0.00495123036281	0.0578326818621	0.953884184898
rs7531583	0.00622051605654	0.00492847049825	1.26215953991	0.206949451915
rs742359	-0.00636016991029	0.00495373215681	-1.28391477556	0.199230459077
rs6681938	-0.000569851459875	0.00493794915308	-0.115402456001	0.90813070341
rs4648592	-0.00535774573322	0.00494049585538	-1.0844550608	0.278214657059
rs7525092	-0.00559869153552	0.00493953724198	-1.13344454374	0.257081220994
rs2474460	-0.0014146451818	0.00495889409204	-0.285274328418	0.775445634111
rs3820011	-0.00275240615285	0.0049291202716	-0.558397036629	0.576597959092
rs2803291	0.00486999817194	0.00490914467569	0.992025799536	0.321232291151
rs28645431	-0.00209555845911	0.00495860454196	-0.422610523058	0.672597373115
rs3795283	0.000851969544286	0.00493911039911	0.172494533518	0.863055645011
rs6682175	-0.00847026057046	0.00492246584873	-1.72073526374	0.0853598995903
rs13303016	0.00629468826751	0.0048972989997	1.28533876896	0.198732649115
rs6605074	-0.000518909263014	0.0049378220941	-0.105088691558	0.916309590353
rs2254669	-0.000485189159318	0.00493339360907	-0.0983479522952	0.921659890877
rs2803310	-0.00122028522985	0.00492947655847	-0.247548642411	0.804493677447
rs12755035	-0.00359312174238	0.00486550238561	-0.738489359909	0.46025131996
rs884080	-0.0061055954963	0.00493964570696	-1.23603915311	0.216501283726
rs908742	0.0034710235063	0.00493676760234	0.703096395433	0.482027967878
rs3107151	0.00480700547889	0.00494217934292	0.972648935894	0.330774222734
rs3128291	-0.000489399360428	0.00490666849146	-0.0997416803845	0.920553353585
rs3052	-0.00332324236828	0.00491528065611	-0.67610429613	0.499005274477
rs262688	0.00557312650162	0.00493034932861	1.13037152749	0.258373187775
rs2460002	-0.00564382996157	0.00490675614411	-1.15021610934	0.250109132582
rs6665593	0.00497308557693	0.00493139493615	1.00845412735	0.313284634061
rs7512482	-0.00189357360052	0.00492992454229	-0.384097887153	0.700922008176
rs2460000	-0.00308135905952	0.00490475836094	-0.628238708772	0.529875879495
rs7547453	0.00186600211231	0.00493026759626	0.378478870746	0.705090736888
rs11588312	0.00528186564553	0.00489814773343	1.07833939133	0.280933634732
rs7553178	-0.00584719469061	0.00491497836903	-1.18966844848	0.234232450035
rs10910047	0.000588557076178	0.00491527439203	0.119740431405	0.904693516353
rs2017143	-0.000868262006939	0.00495514044558	-0.175224499986	0.860910232491
rs903916	0.00184070968616	0.00491852972561	0.374239821419	0.70824155316
rs1809822	-0.000927476951859	0.00487694551929	-0.190175786912	0.849178999253
rs2279702	0.00668837580665	0.00491485030466	1.36085036004	0.173621481951
rs2643904	-0.00500029747497	0.00491391172428	-1.01757983365	0.308926239644
rs2843157	-0.00657226397426	0.00492533516129	-1.33437903392	0.18213960578
rs2645065	0.000680771629445	0.00492665399088	0.138181335792	0.8901025941
rs903904	-0.00632018430497	0.00495902143599	-1.27448215067	0.202551015602
rs2843143	0.00324147782761	0.0049214990332	0.65863628251	0.510159272437
rs2055204	-0.00109222150128	0.00494376909274	-0.22092890683	0.825156687195
rs2840528	-0.00471592611855	0.00493193319681	-0.956202351159	0.339015611745
rs903914	-0.00737859425018	0.00494361097794	-1.49255155454	0.135616845968
