SNP_ID	BETA	BETA_SD	F_STAT	P_VALUE
cnv3p502	-0.00427957018538	0.0121277073167	-0.352875450705	0.724196528761
cnv3p583	0.00641382702236	0.0130323698928	0.492145870255	0.622637598852
rs6650104	-0.00753664412639	0.0121832595902	-0.618606545366	0.536203461748
rs3115860	-0.00391522778745	0.0122064394361	-0.320751010804	0.748412345754
rs3131967	-0.00447512390018	0.0121792221188	-0.367439222024	0.713306801666
rs3115850	-0.00329192972782	0.0122250532363	-0.269277332718	0.787727264184
rs12124819	0.00986702999684	0.0120623466472	0.818002523511	0.413394301759
rs17160939	0.0169165894423	0.0121168083959	1.39612585176	0.16273790661
rs2519031	-0.00619314229063	0.0122817528302	-0.504255571355	0.614103771185
rs4475691	0.0167606176335	0.0120843048708	1.38697408024	0.165510819008
rs3748597	0.00430901694049	0.0121219167526	0.35547323319	0.722249925814
rs28705211	-0.00485702466217	0.0120622849532	-0.402662072816	0.687213865739
rs13303118	-0.00132661494468	0.0120580893765	-0.110018669066	0.912398936301
rs9777703	-0.00483424993918	0.012065876641	-0.400654679558	0.688691314292
rs3121567	0.000745069178314	0.012110490462	0.061522626243	0.950945427613
rs3934834	0.00500711720876	0.0121013568101	0.413764942837	0.679063813777
rs3737728	-0.00648799326323	0.0121053950521	-0.535958821278	0.592010591377
rs6687776	-0.00452299528368	0.0121278913631	-0.372941606111	0.709207541649
rs9651273	0.0147976072074	0.0120846908849	1.22449199143	0.220823746407
rs4970405	0.000367534307219	0.0120982040549	0.0303792451799	0.975765796456
rs12726255	0.00168494542085	0.0120276737707	0.140089052378	0.888595211479
rs2298217	-0.0059499583028	0.0121294052842	-0.49053998637	0.623773133379
rs4970357	-0.0153347283449	0.0121503416843	-1.26208206677	0.20697748365
rs4970362	0.00524836224373	0.0121550489456	0.431784542145	0.665916430411
rs9660710	-0.0152270925785	0.0121459179916	-1.25367984446	0.210016373288
rs4970420	-0.00483016448038	0.0120626237856	-0.400424034294	0.688861146269
rs1320565	-0.0104531310596	0.0120791598109	-0.865385608209	0.386868244419
rs11260549	-0.0105989417186	0.0120757409104	-0.877705293383	0.380145383838
rs9729550	-0.025648681104	0.0121406508057	-2.11262818727	0.0346815059548
rs11721	-0.0149675276833	0.0121119626746	-1.23576401987	0.216603716044
rs2887286	-0.0320601510021	0.0120434046007	-2.66205048033	0.00779120511723
rs3813199	-0.0217713718302	0.0120983885897	-1.79952657899	0.0719950348002
rs3766186	-0.0222003016596	0.0120957083698	-1.83538664962	0.0665071360715
rs7515488	-0.0298656352583	0.0121316333386	-2.46179837658	0.0138573811539
rs715643	-0.00181727990181	0.012152264085	-0.149542495876	0.881131545178
rs7524470	-0.0237497072066	0.012053327607	-1.97038593664	0.0488486469302
rs11804831	-0.043833022215	0.0121864034683	-3.59687928673	0.000325135850824
rs6689813	-0.0329893952537	0.0120737547465	-2.7323227899	0.0063108048411
rs6685064	-0.0352950918873	0.0120969198525	-2.91769246368	0.00354185918627
rs10907179	-0.0264502663846	0.0122166801962	-2.16509444136	0.0304270917613
rs307354	-0.0331494472284	0.0121814698491	-2.72130109412	0.0065248223055
rs3845295	-0.0239317971877	0.0122249091182	-1.95762577507	0.0503288822672
rs17160669	-0.0102201029748	0.0120319331512	-0.849414873436	0.39569070475
rs2649588	-0.0257764090679	0.0121833907545	-2.11570075913	0.0344190375747
rs12089560	-0.0210475154178	0.0121999582803	-1.7252120814	0.0845503785236
rs819980	-0.0206283026332	0.0121197267551	-1.70204354026	0.0888086939861
rs6690515	-0.0231485632161	0.0121357570744	-1.90746758312	0.0565166804783
rs9439457	-0.0106179187613	0.0121851887823	-0.871379093996	0.383588578429
rs3766178	-0.00432681835047	0.012209631146	-0.35437748272	0.723070788822
rs3128342	-0.00242622125287	0.0121489580594	-0.199706118088	0.841718461351
rs2296716	0.00946313470515	0.01209308715	0.782524312262	0.433943157526
rs6603793	-0.00299825614085	0.0121762345724	-0.246238368933	0.805507713376
rs3737622	-0.000110012547507	0.012219148917	-0.00900329051186	0.992816865829
rs601141	-0.00778039063505	0.0122276824734	-0.636293153011	0.52461417538
rs1555066	-0.00756602058416	0.0122051493089	-0.619903975992	0.535348949275
rs28370510	0.0128605959015	0.0123239716047	1.04354312992	0.296746717664
rs4648764	0.0112388385376	0.0122102442915	0.920443380923	0.357385029836
rs35672141	0.00819670990079	0.012191161736	0.67234854875	0.5013925591
rs7531583	-0.00858172609421	0.0121231677454	-0.707878194412	0.479053538122
rs742359	0.0136620414139	0.0122043044935	1.11944448954	0.263003747628
rs6681938	-0.00619261963498	0.0121531114074	-0.50955014131	0.610388904918
rs4648592	0.0126609831465	0.0121712169531	1.04023970613	0.298278298947
rs7525092	0.0148674743082	0.0121673307184	1.22191749796	0.221795804153
rs2474460	-0.00274938060161	0.0122095163047	-0.225183417015	0.821845691867
rs3820011	0.0243570677923	0.0121373556915	2.00678536672	0.044825675467
rs2803291	-0.0082504086224	0.0120756548037	-0.68322660398	0.494494976483
rs28645431	-0.00148530699163	0.0122135797498	-0.121611110097	0.903211847984
rs3795283	-0.00179437684837	0.01216536947	-0.147498754788	0.882744244979
rs6682175	-0.0235290984963	0.0121043667508	-1.94385208088	0.0519687084922
rs13303016	-0.00108034985417	0.0120427404111	-0.0897096356225	0.928521512727
rs6605074	-0.0168863269118	0.0121535913489	-1.38941045713	0.164769166433
rs2254669	-0.0123798914869	0.0121428046591	-1.01952488197	0.308002637082
rs2803310	-0.018958153735	0.0121316698621	-1.5626994429	0.118185902753
rs12755035	-0.00918581046943	0.0119723755377	-0.767250445869	0.442968458163
rs884080	0.026688287112	0.0121646986528	2.19391272022	0.0282870478047
rs908742	-0.0179587925676	0.0121561700205	-1.47733969969	0.139646897684
rs3107151	-0.014717919025	0.0121608841286	-1.21026718693	0.226232972317
rs3128291	0.00103947927942	0.0120641380083	0.0861627476999	0.931340456031
rs3052	0.00075041994274	0.0120865460918	0.0620872114366	0.950495835765
rs262688	-0.0113594438918	0.0121401101447	-0.935695290768	0.349474792912
rs2460002	0.00953349771404	0.0120703539705	0.789827517679	0.429665552973
rs6665593	-0.0117395645908	0.0121362442711	-0.96731446142	0.333433132852
rs7512482	-0.0099952523674	0.0121267917674	-0.824228910592	0.409848390463
rs2460000	0.020748082244	0.0120650679056	1.71968217721	0.0855514409936
rs7547453	0.000104645653001	0.0121440222761	0.00861705048151	0.993125013582
rs11588312	-0.0150130741881	0.0121120446864	-1.23951608311	0.215211977847
rs7553178	0.0225728013927	0.0120989554539	1.86568183334	0.0621437725675
rs10910047	0.00747568086784	0.0120982382133	0.617914834873	0.536659315921
rs2017143	0.00628951250531	0.0121992389291	0.515565974391	0.606180126401
rs903916	0.0151678504715	0.0121055480556	1.25296685469	0.210275724512
rs1809822	-0.00273434911459	0.0120290856535	-0.227311467667	0.820190748978
rs2279702	0.0223684158725	0.0120865973691	1.85067932598	0.0642740025153
rs2643904	-0.0205683370491	0.0120778343856	-1.70298220628	0.0886328718857
rs2843157	-0.0207106187537	0.0121079862742	-1.71049242085	0.087236212772
rs2645065	0.00663464251842	0.012131574584	0.54689046937	0.584478123849
rs903904	-0.00106933967471	0.0122105403069	-0.087575131635	0.930217837119
rs2843143	-0.00359567993569	0.0121235752941	-0.29658577181	0.766794959413
rs2055204	-0.00602375319248	0.0121718261218	-0.494893135361	0.62069706531
rs2840528	-0.0024456678073	0.012142453873	-0.201414626144	0.84038248356
rs903914	-0.00547328334645	0.012169402936	-0.449757755186	0.652904406073
