SNP_ID	BETA	BETA_SD	F_STAT	P_VALUE
cnv3p502	-0.0132432427042	0.00651012534889	-2.03425310488	0.0419780476888
cnv3p583	0.000100769925252	0.00687342993052	0.0146607918129	0.988303376676
rs6650104	-0.00447893641783	0.0065424898634	-0.684592030152	0.493632702583
rs3115860	0.00995118295842	0.00652379227489	1.52536784421	0.127229773141
rs3131967	0.0107137274765	0.00650882542256	1.64603085518	0.0998194130518
rs3115850	0.0117834897429	0.00653380269163	1.80346580683	0.0713744562443
rs12124819	-0.0109484443538	0.0064792991293	-1.68975750854	0.0911358600623
rs17160939	0.00531714865172	0.00647542919706	0.821126830347	0.411612651582
rs2519031	0.0076624498529	0.00656943804671	1.16637828052	0.243516418903
rs4475691	-0.00298355057402	0.00649027681396	-0.459695427412	0.645754570525
rs3748597	0.00325056083383	0.00651840498458	0.498674267941	0.618030517229
rs28705211	0.00186289490119	0.0064792146786	0.287518625883	0.773726997867
rs13303118	0.00767572939184	0.00646876268034	1.18658386018	0.235447425494
rs9777703	0.00127183884615	0.00646977732721	0.196581548611	0.844162893188
rs3121567	0.00523486620773	0.0064943173502	0.806068740631	0.420241034677
rs3934834	-0.00279551133295	0.00649393784895	-0.430480149021	0.666864709104
rs3737728	0.00622807081501	0.00648528533428	0.960338750569	0.33693056677
rs6687776	0.000750421538857	0.00651323281802	0.115214910909	0.90827934461
rs9651273	0.00279085342287	0.0064775888835	0.430847568913	0.666597531841
rs4970405	0.000337907572533	0.00648841133254	0.0520786299165	0.958468093194
rs12726255	-0.000834577649978	0.00646181058645	-0.129155387459	0.897239821276
rs2298217	0.000150796019556	0.00651028680258	0.0231627306336	0.981521379154
rs4970357	2.25286920576e-05	0.00650160183182	0.00346509870035	0.997235393158
rs4970362	0.00638699163483	0.00650760343691	0.981466018442	0.326409833607
rs9660710	0.00155707533649	0.0064900518423	0.239917241699	0.810404117088
rs4970420	-0.00719949194054	0.00646685882835	-1.11329041373	0.265636521539
rs1320565	-0.00692983250985	0.00645951151923	-1.07281061257	0.283407178037
rs11260549	-0.00819504699649	0.00647793212974	-1.26507145064	0.205903879796
rs9729550	-0.00751571505782	0.00648638594509	-1.15869069794	0.246636877906
rs11721	-0.00274790397928	0.00647289331789	-0.424524836782	0.671201116307
rs2887286	-0.00298905524507	0.00646894548553	-0.462062209637	0.644056543364
rs3813199	-0.00639498739388	0.00646832598946	-0.988661889383	0.322875793026
rs3766186	-0.00706566151651	0.00646714455105	-1.0925473307	0.274644530026
rs7515488	-0.00639096374955	0.00648392556828	-0.985662725805	0.324345699457
rs715643	0.000494912573033	0.00650445672913	0.0760882259108	0.939351910657
rs7524470	-0.00824705921011	0.00645252111594	-1.27811425363	0.201267678084
rs11804831	-0.0129166443295	0.00650716401117	-1.98498828481	0.04719959977
rs6689813	-0.0107923093382	0.00648463416834	-1.66428962036	0.0961163849124
rs6685064	-0.0106544911241	0.006476502346	-1.6450995545	0.100011297554
rs10907179	-0.00762847328407	0.00651393076163	-1.17110137691	0.241613088597
rs307354	-0.0079205964979	0.00651395479374	-1.21594281027	0.224063341494
rs3845295	-0.00702195794096	0.00651887212662	-1.07717375101	0.281453919861
rs17160669	-0.0029792335342	0.00644657951608	-0.462141749244	0.643999510567
rs2649588	-0.0100145528087	0.00650071198633	-1.54053168788	0.123493236387
rs12089560	-0.0110052848148	0.00650667432013	-1.69138399639	0.0908249685674
rs819980	-0.00920035212836	0.00647580049576	-1.42072816085	0.155457322411
rs6690515	-0.0111577257083	0.0064813493387	-1.72151277846	0.085218839895
rs9439457	-0.00730446918511	0.00651128860843	-1.1218162217	0.261993735115
rs3766178	-0.00710427466905	0.00651745460126	-1.09003822868	0.275748129188
rs3128342	-0.00787982502522	0.0065006180878	-1.21216550777	0.225505538619
rs2296716	-0.00259558341113	0.00647832001988	-0.400656868319	0.688689659275
rs6603793	-0.00733991478689	0.00650304387647	-1.12868910718	0.259082430616
rs3737622	-0.00130829251591	0.00653127439566	-0.200311981499	0.841244629897
rs601141	-0.00658088173183	0.00653178118436	-1.0075171758	0.313734408023
rs1555066	0.00381163962953	0.00655999036542	0.581043479823	0.561236987734
rs28370510	0.0115831792423	0.00657892288401	1.76064979733	0.0783580005066
rs4648764	0.0120616405814	0.00651883421964	1.85027570499	0.0643319864847
rs35672141	0.00404692235521	0.00651153628866	0.62150039189	0.534298390446
rs7531583	-0.00722355733528	0.00649565907861	-1.11205918412	0.266165452983
rs742359	0.0141047805116	0.00651311406155	2.16559703674	0.0303884895474
rs6681938	-0.00391255860539	0.00651217399203	-0.6008068289	0.547995522786
rs4648592	0.0133935681089	0.00649580571212	2.0618794192	0.0392700875989
rs7525092	0.0116674660575	0.00649521551509	1.79631700139	0.0725036487749
rs2474460	-0.00484751606959	0.00652049805513	-0.743427270218	0.457257500668
rs3820011	0.00659100124539	0.00648475885263	1.01638339916	0.309495365865
rs2803291	-0.00281251816105	0.00647374623228	-0.43444986259	0.663980291495
rs28645431	0.015373745949	0.00652547527443	2.35595804174	0.0185128790539
rs3795283	0.0137119576566	0.006499930009	2.10955466252	0.0349456388406
rs6682175	0.00588790126687	0.00649384291366	0.906689820674	0.364613953881
rs13303016	-0.0150106533174	0.0064609130746	-2.32330216242	0.0202022993405
rs6605074	0.0058966799109	0.00650823436235	0.906033738584	0.36496106732
rs2254669	0.0100326427336	0.0064968898279	1.54422238938	0.122596902577
rs2803310	0.00872489689674	0.00649186917582	1.34397300076	0.179017278852
rs12755035	0.00540480320701	0.00641482218629	0.842549185317	0.399520379789
rs884080	0.00137543337491	0.00649694611912	0.211704599313	0.832346012479
rs908742	-0.00115924752915	0.00649583198394	-0.178460208334	0.858368701699
rs3107151	-0.00519073972887	0.00650829419496	-0.797557635439	0.425164609292
rs3128291	0.00472006900568	0.00646634206801	0.729944218236	0.465458019213
rs3052	0.00518242515809	0.00647805913636	0.799996580611	0.423750274131
rs262688	-0.00610405508373	0.00648821232037	-0.94079151272	0.346856549892
rs2460002	-0.00244634957881	0.00647159043176	-0.378013659023	0.70543627839
rs6665593	-0.00393994746707	0.00649233334903	-0.606861548115	0.543969982741
rs7512482	0.000593021193147	0.00649567006207	0.0912948452554	0.927261921836
rs2460000	0.00247889507386	0.00646646860389	0.383346030996	0.701479292352
rs7547453	-0.00344071857846	0.00649080924829	-0.530090847973	0.596072166765
rs11588312	-0.00925998442433	0.00646682121965	-1.43192213142	0.152227775868
rs7553178	0.00325630272379	0.00647716884607	0.50273550083	0.615172091371
rs10910047	-0.00596698801638	0.00648206462168	-0.920538187235	0.357335401194
rs2017143	-0.00890690599519	0.00651756962151	-1.36659928661	0.171811564044
rs903916	0.0147926713419	0.00647829215976	2.28342146003	0.0224467556967
rs1809822	0.00508643301957	0.00643708579249	0.790176359853	0.429461750472
rs2279702	-0.0143231830426	0.00647723619456	-2.21131090674	0.0270587846752
rs2643904	-0.000874293120399	0.00648128937412	-0.134894936784	0.892700299662
rs2843157	-0.00588654819681	0.00649793483257	-0.905910623681	0.36502622674
rs2645065	0.00115085879091	0.00648790612791	0.177385240819	0.859212888392
rs903904	0.00225741426514	0.00653013992758	0.345691561005	0.729588875206
rs2843143	-0.00103132914281	0.00647974620235	-0.159161965701	0.873547610931
rs2055204	0.000317891540038	0.00651022853451	0.0488295515822	0.96105705562
rs2840528	0.00529901093144	0.0064890772319	0.816604694638	0.414192753448
rs903914	-0.000272577924017	0.00650789914727	-0.0418841653579	0.966592689455
